<?xml version="1.0" encoding="utf-8" standalone="no"?>
<test-results xmlns:xsi="http://www.w3.org/2001/XMLSchema-instance" xsi:noNamespaceSchemaLocation="nunit_schema_2.5.xsd" name="Pester" total="452" errors="0" failures="0" not-run="10" inconclusive="0" ignored="0" skipped="3" invalid="0" date="2023-10-28" time="14:08:42">
  <environment clr-version="4.0.30319.42000" user-domain="BATTLESTATION" cwd="C:\Celerium\Projects\_API\RocketCyber-PowerShellWrapper" platform="Microsoft Windows 11 Pro|C:\WINDOWS|\Device\Harddisk0\Partition3" machine-name="BATTLESTATION" nunit-version="2.5.8.0" os-version="10.0.22621" user="David" />
  <culture-info current-culture="en-US" current-uiculture="en-US" />
  <test-suite type="TestFixture" name="Pester" executed="True" result="Ignored" success="True" time="9.4441" asserts="0" description="Pester">
    <results>
      <test-suite type="TestFixture" name="C:\Celerium\Projects\_API\RocketCyber-PowerShellWrapper\tests\HelpComment.Tests.ps1" executed="True" result="Ignored" success="True" time="2.2728" asserts="0" description="C:\Celerium\Projects\_API\RocketCyber-PowerShellWrapper\tests\HelpComment.Tests.ps1">
        <results>
          <test-suite type="TestFixture" name="Testing the [ built ] version of [ RocketCyberAPI ] with [ HelpComment.Tests.ps1 ]" executed="True" result="Ignored" success="True" time="0.8778" asserts="0" description="Testing the [ built ] version of [ RocketCyberAPI ] with [ HelpComment.Tests.ps1 ]">
            <results>
              <test-suite type="TestFixture" name="Testing the [ built ] version of [ RocketCyberAPI ] with [ HelpComment.Tests.ps1 ].[ RocketCyberAPI ] module help tests" executed="True" result="Success" success="True" time="0.0381" asserts="0" description="Testing the [ built ] version of [ RocketCyberAPI ] with [ HelpComment.Tests.ps1 ].[ RocketCyberAPI ] module help tests">
                <results>
                  <test-suite type="TestFixture" name="Testing the [ built ] version of [ RocketCyberAPI ] with [ HelpComment.Tests.ps1 ].[ RocketCyberAPI ] module help tests.[ Add-RocketCyberAPIKey ]" executed="True" result="Success" success="True" time="0.0347" asserts="0" description="Testing the [ built ] version of [ RocketCyberAPI ] with [ HelpComment.Tests.ps1 ].[ RocketCyberAPI ] module help tests.[ Add-RocketCyberAPIKey ]">
                    <results>
                      <test-case description="[ Add-RocketCyberAPIKey ] contains comment based help" name="Testing the [ built ] version of [ RocketCyberAPI ] with [ HelpComment.Tests.ps1 ].[ RocketCyberAPI ] module help tests.[ Add-RocketCyberAPIKey ].[ Add-RocketCyberAPIKey ] contains comment based help" time="0.0025" asserts="0" success="True" result="Success" executed="True" />
                      <test-case description="[ Add-RocketCyberAPIKey ] contains a synopsis" name="Testing the [ built ] version of [ RocketCyberAPI ] with [ HelpComment.Tests.ps1 ].[ RocketCyberAPI ] module help tests.[ Add-RocketCyberAPIKey ].[ Add-RocketCyberAPIKey ] contains a synopsis" time="0.0021" asserts="0" success="True" result="Success" executed="True" />
                      <test-case description="[ Add-RocketCyberAPIKey ] contains a description" name="Testing the [ built ] version of [ RocketCyberAPI ] with [ HelpComment.Tests.ps1 ].[ RocketCyberAPI ] module help tests.[ Add-RocketCyberAPIKey ].[ Add-RocketCyberAPIKey ] contains a description" time="0.0022" asserts="0" success="True" result="Success" executed="True" />
                      <test-case description="[ Add-RocketCyberAPIKey ] contains at least one usage example" name="Testing the [ built ] version of [ RocketCyberAPI ] with [ HelpComment.Tests.ps1 ].[ RocketCyberAPI ] module help tests.[ Add-RocketCyberAPIKey ].[ Add-RocketCyberAPIKey ] contains at least one usage example" time="0.0041" asserts="0" success="True" result="Success" executed="True" />
                      <test-case description="[ Add-RocketCyberAPIKey ] contains a note" name="Testing the [ built ] version of [ RocketCyberAPI ] with [ HelpComment.Tests.ps1 ].[ RocketCyberAPI ] module help tests.[ Add-RocketCyberAPIKey ].[ Add-RocketCyberAPIKey ] contains a note" time="0.0063" asserts="0" success="True" result="Success" executed="True" />
                      <test-case description="[ Add-RocketCyberAPIKey ] contains a link" name="Testing the [ built ] version of [ RocketCyberAPI ] with [ HelpComment.Tests.ps1 ].[ RocketCyberAPI ] module help tests.[ Add-RocketCyberAPIKey ].[ Add-RocketCyberAPIKey ] contains a link" time="0.0023" asserts="0" success="True" result="Success" executed="True" />
                      <test-suite type="ParameterizedTest" name="Testing the [ built ] version of [ RocketCyberAPI ] with [ HelpComment.Tests.ps1 ].[ RocketCyberAPI ] module help tests.[ Add-RocketCyberAPIKey ].[ Add-RocketCyberAPIKey ] - Parameter has a description - [ &lt;_.name&gt; ]" executed="True" result="Success" success="True" time="0.0022" asserts="0" description="[ Add-RocketCyberAPIKey ] - Parameter has a description - [ &lt;_.name&gt; ]">
                        <results>
                          <test-case description="[ Add-RocketCyberAPIKey ] - Parameter has a description - [ Api_Key ]" name="Testing the [ built ] version of [ RocketCyberAPI ] with [ HelpComment.Tests.ps1 ].[ RocketCyberAPI ] module help tests.[ Add-RocketCyberAPIKey ].[ Add-RocketCyberAPIKey ] - Parameter has a description - [ Api_Key ]" time="0.0022" asserts="0" success="True" result="Success" executed="True" />
                        </results>
                      </test-suite>
                      <test-suite type="ParameterizedTest" name="Testing the [ built ] version of [ RocketCyberAPI ] with [ HelpComment.Tests.ps1 ].[ RocketCyberAPI ] module help tests.[ Add-RocketCyberAPIKey ].[ Add-RocketCyberAPIKey ] - Example has example code &amp; description   - [ &lt;_.title -replace '-'.''&gt; ]" executed="True" result="Success" success="True" time="0.0085" asserts="0" description="[ Add-RocketCyberAPIKey ] - Example has example code &amp; description   - [ &lt;_.title -replace '-'.''&gt; ]">
                        <results>
                          <test-case description="[ Add-RocketCyberAPIKey ] - Example has example code &amp; description   - [  EXAMPLE 1  ]" name="Testing the [ built ] version of [ RocketCyberAPI ] with [ HelpComment.Tests.ps1 ].[ RocketCyberAPI ] module help tests.[ Add-RocketCyberAPIKey ].[ Add-RocketCyberAPIKey ] - Example has example code &amp; description   - [  EXAMPLE 1  ]" time="0.0027" asserts="0" success="True" result="Success" executed="True" />
                          <test-case description="[ Add-RocketCyberAPIKey ] - Example has example code &amp; description   - [  EXAMPLE 2  ]" name="Testing the [ built ] version of [ RocketCyberAPI ] with [ HelpComment.Tests.ps1 ].[ RocketCyberAPI ] module help tests.[ Add-RocketCyberAPIKey ].[ Add-RocketCyberAPIKey ] - Example has example code &amp; description   - [  EXAMPLE 2  ]" time="0.0029" asserts="0" success="True" result="Success" executed="True" />
                          <test-case description="[ Add-RocketCyberAPIKey ] - Example has example code &amp; description   - [  EXAMPLE 3  ]" name="Testing the [ built ] version of [ RocketCyberAPI ] with [ HelpComment.Tests.ps1 ].[ RocketCyberAPI ] module help tests.[ Add-RocketCyberAPIKey ].[ Add-RocketCyberAPIKey ] - Example has example code &amp; description   - [  EXAMPLE 3  ]" time="0.0029" asserts="0" success="True" result="Success" executed="True" />
                        </results>
                      </test-suite>
                    </results>
                  </test-suite>
                </results>
              </test-suite>
              <test-suite type="TestFixture" name="Testing the [ built ] version of [ RocketCyberAPI ] with [ HelpComment.Tests.ps1 ].[ RocketCyberAPI ] module help tests" executed="True" result="Success" success="True" time="0.0786" asserts="0" description="Testing the [ built ] version of [ RocketCyberAPI ] with [ HelpComment.Tests.ps1 ].[ RocketCyberAPI ] module help tests">
                <results>
                  <test-suite type="TestFixture" name="Testing the [ built ] version of [ RocketCyberAPI ] with [ HelpComment.Tests.ps1 ].[ RocketCyberAPI ] module help tests.[ Add-RocketCyberBaseURI ]" executed="True" result="Success" success="True" time="0.0369" asserts="0" description="Testing the [ built ] version of [ RocketCyberAPI ] with [ HelpComment.Tests.ps1 ].[ RocketCyberAPI ] module help tests.[ Add-RocketCyberBaseURI ]">
                    <results>
                      <test-case description="[ Add-RocketCyberBaseURI ] contains comment based help" name="Testing the [ built ] version of [ RocketCyberAPI ] with [ HelpComment.Tests.ps1 ].[ RocketCyberAPI ] module help tests.[ Add-RocketCyberBaseURI ].[ Add-RocketCyberBaseURI ] contains comment based help" time="0.0023" asserts="0" success="True" result="Success" executed="True" />
                      <test-case description="[ Add-RocketCyberBaseURI ] contains a synopsis" name="Testing the [ built ] version of [ RocketCyberAPI ] with [ HelpComment.Tests.ps1 ].[ RocketCyberAPI ] module help tests.[ Add-RocketCyberBaseURI ].[ Add-RocketCyberBaseURI ] contains a synopsis" time="0.0024" asserts="0" success="True" result="Success" executed="True" />
                      <test-case description="[ Add-RocketCyberBaseURI ] contains a description" name="Testing the [ built ] version of [ RocketCyberAPI ] with [ HelpComment.Tests.ps1 ].[ RocketCyberAPI ] module help tests.[ Add-RocketCyberBaseURI ].[ Add-RocketCyberBaseURI ] contains a description" time="0.0025" asserts="0" success="True" result="Success" executed="True" />
                      <test-case description="[ Add-RocketCyberBaseURI ] contains at least one usage example" name="Testing the [ built ] version of [ RocketCyberAPI ] with [ HelpComment.Tests.ps1 ].[ RocketCyberAPI ] module help tests.[ Add-RocketCyberBaseURI ].[ Add-RocketCyberBaseURI ] contains at least one usage example" time="0.003" asserts="0" success="True" result="Success" executed="True" />
                      <test-case description="[ Add-RocketCyberBaseURI ] contains a note" name="Testing the [ built ] version of [ RocketCyberAPI ] with [ HelpComment.Tests.ps1 ].[ RocketCyberAPI ] module help tests.[ Add-RocketCyberBaseURI ].[ Add-RocketCyberBaseURI ] contains a note" time="0.0023" asserts="0" success="True" result="Success" executed="True" />
                      <test-case description="[ Add-RocketCyberBaseURI ] contains a link" name="Testing the [ built ] version of [ RocketCyberAPI ] with [ HelpComment.Tests.ps1 ].[ RocketCyberAPI ] module help tests.[ Add-RocketCyberBaseURI ].[ Add-RocketCyberBaseURI ] contains a link" time="0.0074" asserts="0" success="True" result="Success" executed="True" />
                      <test-suite type="ParameterizedTest" name="Testing the [ built ] version of [ RocketCyberAPI ] with [ HelpComment.Tests.ps1 ].[ RocketCyberAPI ] module help tests.[ Add-RocketCyberBaseURI ].[ Add-RocketCyberBaseURI ] - Parameter has a description - [ &lt;_.name&gt; ]" executed="True" result="Success" success="True" time="0.0045" asserts="0" description="[ Add-RocketCyberBaseURI ] - Parameter has a description - [ &lt;_.name&gt; ]">
                        <results>
                          <test-case description="[ Add-RocketCyberBaseURI ] - Parameter has a description - [ base_uri ]" name="Testing the [ built ] version of [ RocketCyberAPI ] with [ HelpComment.Tests.ps1 ].[ RocketCyberAPI ] module help tests.[ Add-RocketCyberBaseURI ].[ Add-RocketCyberBaseURI ] - Parameter has a description - [ base_uri ]" time="0.0023" asserts="0" success="True" result="Success" executed="True" />
                          <test-case description="[ Add-RocketCyberBaseURI ] - Parameter has a description - [ data_center ]" name="Testing the [ built ] version of [ RocketCyberAPI ] with [ HelpComment.Tests.ps1 ].[ RocketCyberAPI ] module help tests.[ Add-RocketCyberBaseURI ].[ Add-RocketCyberBaseURI ] - Parameter has a description - [ data_center ]" time="0.0022" asserts="0" success="True" result="Success" executed="True" />
                        </results>
                      </test-suite>
                      <test-suite type="ParameterizedTest" name="Testing the [ built ] version of [ RocketCyberAPI ] with [ HelpComment.Tests.ps1 ].[ RocketCyberAPI ] module help tests.[ Add-RocketCyberBaseURI ].[ Add-RocketCyberBaseURI ] - Example has example code &amp; description   - [ &lt;_.title -replace '-'.''&gt; ]" executed="True" result="Success" success="True" time="0.0081" asserts="0" description="[ Add-RocketCyberBaseURI ] - Example has example code &amp; description   - [ &lt;_.title -replace '-'.''&gt; ]">
                        <results>
                          <test-case description="[ Add-RocketCyberBaseURI ] - Example has example code &amp; description   - [  EXAMPLE 1  ]" name="Testing the [ built ] version of [ RocketCyberAPI ] with [ HelpComment.Tests.ps1 ].[ RocketCyberAPI ] module help tests.[ Add-RocketCyberBaseURI ].[ Add-RocketCyberBaseURI ] - Example has example code &amp; description   - [  EXAMPLE 1  ]" time="0.0027" asserts="0" success="True" result="Success" executed="True" />
                          <test-case description="[ Add-RocketCyberBaseURI ] - Example has example code &amp; description   - [  EXAMPLE 2  ]" name="Testing the [ built ] version of [ RocketCyberAPI ] with [ HelpComment.Tests.ps1 ].[ RocketCyberAPI ] module help tests.[ Add-RocketCyberBaseURI ].[ Add-RocketCyberBaseURI ] - Example has example code &amp; description   - [  EXAMPLE 2  ]" time="0.0027" asserts="0" success="True" result="Success" executed="True" />
                          <test-case description="[ Add-RocketCyberBaseURI ] - Example has example code &amp; description   - [  EXAMPLE 3  ]" name="Testing the [ built ] version of [ RocketCyberAPI ] with [ HelpComment.Tests.ps1 ].[ RocketCyberAPI ] module help tests.[ Add-RocketCyberBaseURI ].[ Add-RocketCyberBaseURI ] - Example has example code &amp; description   - [  EXAMPLE 3  ]" time="0.0027" asserts="0" success="True" result="Success" executed="True" />
                        </results>
                      </test-suite>
                    </results>
                  </test-suite>
                </results>
              </test-suite>
              <test-suite type="TestFixture" name="Testing the [ built ] version of [ RocketCyberAPI ] with [ HelpComment.Tests.ps1 ].[ RocketCyberAPI ] module help tests" executed="True" result="Success" success="True" time="0.1104" asserts="0" description="Testing the [ built ] version of [ RocketCyberAPI ] with [ HelpComment.Tests.ps1 ].[ RocketCyberAPI ] module help tests">
                <results>
                  <test-suite type="TestFixture" name="Testing the [ built ] version of [ RocketCyberAPI ] with [ HelpComment.Tests.ps1 ].[ RocketCyberAPI ] module help tests.[ ConvertTo-RocketCyberQueryString ]" executed="True" result="Success" success="True" time="0.0283" asserts="0" description="Testing the [ built ] version of [ RocketCyberAPI ] with [ HelpComment.Tests.ps1 ].[ RocketCyberAPI ] module help tests.[ ConvertTo-RocketCyberQueryString ]">
                    <results>
                      <test-case description="[ ConvertTo-RocketCyberQueryString ] contains comment based help" name="Testing the [ built ] version of [ RocketCyberAPI ] with [ HelpComment.Tests.ps1 ].[ RocketCyberAPI ] module help tests.[ ConvertTo-RocketCyberQueryString ].[ ConvertTo-RocketCyberQueryString ] contains comment based help" time="0.0024" asserts="0" success="True" result="Success" executed="True" />
                      <test-case description="[ ConvertTo-RocketCyberQueryString ] contains a synopsis" name="Testing the [ built ] version of [ RocketCyberAPI ] with [ HelpComment.Tests.ps1 ].[ RocketCyberAPI ] module help tests.[ ConvertTo-RocketCyberQueryString ].[ ConvertTo-RocketCyberQueryString ] contains a synopsis" time="0.0055" asserts="0" success="True" result="Success" executed="True" />
                      <test-case description="[ ConvertTo-RocketCyberQueryString ] contains a description" name="Testing the [ built ] version of [ RocketCyberAPI ] with [ HelpComment.Tests.ps1 ].[ RocketCyberAPI ] module help tests.[ ConvertTo-RocketCyberQueryString ].[ ConvertTo-RocketCyberQueryString ] contains a description" time="0.0021" asserts="0" success="True" result="Success" executed="True" />
                      <test-case description="[ ConvertTo-RocketCyberQueryString ] contains at least one usage example" name="Testing the [ built ] version of [ RocketCyberAPI ] with [ HelpComment.Tests.ps1 ].[ RocketCyberAPI ] module help tests.[ ConvertTo-RocketCyberQueryString ].[ ConvertTo-RocketCyberQueryString ] contains at least one usage example" time="0.0027" asserts="0" success="True" result="Success" executed="True" />
                      <test-case description="[ ConvertTo-RocketCyberQueryString ] contains a note" name="Testing the [ built ] version of [ RocketCyberAPI ] with [ HelpComment.Tests.ps1 ].[ RocketCyberAPI ] module help tests.[ ConvertTo-RocketCyberQueryString ].[ ConvertTo-RocketCyberQueryString ] contains a note" time="0.0021" asserts="0" success="True" result="Success" executed="True" />
                      <test-case description="[ ConvertTo-RocketCyberQueryString ] contains a link" name="Testing the [ built ] version of [ RocketCyberAPI ] with [ HelpComment.Tests.ps1 ].[ RocketCyberAPI ] module help tests.[ ConvertTo-RocketCyberQueryString ].[ ConvertTo-RocketCyberQueryString ] contains a link" time="0.0021" asserts="0" success="True" result="Success" executed="True" />
                      <test-suite type="ParameterizedTest" name="Testing the [ built ] version of [ RocketCyberAPI ] with [ HelpComment.Tests.ps1 ].[ RocketCyberAPI ] module help tests.[ ConvertTo-RocketCyberQueryString ].[ ConvertTo-RocketCyberQueryString ] - Parameter has a description - [ &lt;_.name&gt; ]" executed="True" result="Success" success="True" time="0.0044" asserts="0" description="[ ConvertTo-RocketCyberQueryString ] - Parameter has a description - [ &lt;_.name&gt; ]">
                        <results>
                          <test-case description="[ ConvertTo-RocketCyberQueryString ] - Parameter has a description - [ uri_Filter ]" name="Testing the [ built ] version of [ RocketCyberAPI ] with [ HelpComment.Tests.ps1 ].[ RocketCyberAPI ] module help tests.[ ConvertTo-RocketCyberQueryString ].[ ConvertTo-RocketCyberQueryString ] - Parameter has a description - [ uri_Filter ]" time="0.0022" asserts="0" success="True" result="Success" executed="True" />
                          <test-case description="[ ConvertTo-RocketCyberQueryString ] - Parameter has a description - [ resource_Uri ]" name="Testing the [ built ] version of [ RocketCyberAPI ] with [ HelpComment.Tests.ps1 ].[ RocketCyberAPI ] module help tests.[ ConvertTo-RocketCyberQueryString ].[ ConvertTo-RocketCyberQueryString ] - Parameter has a description - [ resource_Uri ]" time="0.0022" asserts="0" success="True" result="Success" executed="True" />
                        </results>
                      </test-suite>
                      <test-suite type="ParameterizedTest" name="Testing the [ built ] version of [ RocketCyberAPI ] with [ HelpComment.Tests.ps1 ].[ RocketCyberAPI ] module help tests.[ ConvertTo-RocketCyberQueryString ].[ ConvertTo-RocketCyberQueryString ] - Example has example code &amp; description   - [ &lt;_.title -replace '-'.''&gt; ]" executed="True" result="Success" success="True" time="0.0027" asserts="0" description="[ ConvertTo-RocketCyberQueryString ] - Example has example code &amp; description   - [ &lt;_.title -replace '-'.''&gt; ]">
                        <results>
                          <test-case description="[ ConvertTo-RocketCyberQueryString ] - Example has example code &amp; description   - [  EXAMPLE 1  ]" name="Testing the [ built ] version of [ RocketCyberAPI ] with [ HelpComment.Tests.ps1 ].[ RocketCyberAPI ] module help tests.[ ConvertTo-RocketCyberQueryString ].[ ConvertTo-RocketCyberQueryString ] - Example has example code &amp; description   - [  EXAMPLE 1  ]" time="0.0027" asserts="0" success="True" result="Success" executed="True" />
                        </results>
                      </test-suite>
                    </results>
                  </test-suite>
                </results>
              </test-suite>
              <test-suite type="TestFixture" name="Testing the [ built ] version of [ RocketCyberAPI ] with [ HelpComment.Tests.ps1 ].[ RocketCyberAPI ] module help tests" executed="True" result="Success" success="True" time="0.148" asserts="0" description="Testing the [ built ] version of [ RocketCyberAPI ] with [ HelpComment.Tests.ps1 ].[ RocketCyberAPI ] module help tests">
                <results>
                  <test-suite type="TestFixture" name="Testing the [ built ] version of [ RocketCyberAPI ] with [ HelpComment.Tests.ps1 ].[ RocketCyberAPI ] module help tests.[ Export-RocketCyberModuleSettings ]" executed="True" result="Success" success="True" time="0.0341" asserts="0" description="Testing the [ built ] version of [ RocketCyberAPI ] with [ HelpComment.Tests.ps1 ].[ RocketCyberAPI ] module help tests.[ Export-RocketCyberModuleSettings ]">
                    <results>
                      <test-case description="[ Export-RocketCyberModuleSettings ] contains comment based help" name="Testing the [ built ] version of [ RocketCyberAPI ] with [ HelpComment.Tests.ps1 ].[ RocketCyberAPI ] module help tests.[ Export-RocketCyberModuleSettings ].[ Export-RocketCyberModuleSettings ] contains comment based help" time="0.0056" asserts="0" success="True" result="Success" executed="True" />
                      <test-case description="[ Export-RocketCyberModuleSettings ] contains a synopsis" name="Testing the [ built ] version of [ RocketCyberAPI ] with [ HelpComment.Tests.ps1 ].[ RocketCyberAPI ] module help tests.[ Export-RocketCyberModuleSettings ].[ Export-RocketCyberModuleSettings ] contains a synopsis" time="0.0021" asserts="0" success="True" result="Success" executed="True" />
                      <test-case description="[ Export-RocketCyberModuleSettings ] contains a description" name="Testing the [ built ] version of [ RocketCyberAPI ] with [ HelpComment.Tests.ps1 ].[ RocketCyberAPI ] module help tests.[ Export-RocketCyberModuleSettings ].[ Export-RocketCyberModuleSettings ] contains a description" time="0.0021" asserts="0" success="True" result="Success" executed="True" />
                      <test-case description="[ Export-RocketCyberModuleSettings ] contains at least one usage example" name="Testing the [ built ] version of [ RocketCyberAPI ] with [ HelpComment.Tests.ps1 ].[ RocketCyberAPI ] module help tests.[ Export-RocketCyberModuleSettings ].[ Export-RocketCyberModuleSettings ] contains at least one usage example" time="0.0026" asserts="0" success="True" result="Success" executed="True" />
                      <test-case description="[ Export-RocketCyberModuleSettings ] contains a note" name="Testing the [ built ] version of [ RocketCyberAPI ] with [ HelpComment.Tests.ps1 ].[ RocketCyberAPI ] module help tests.[ Export-RocketCyberModuleSettings ].[ Export-RocketCyberModuleSettings ] contains a note" time="0.0022" asserts="0" success="True" result="Success" executed="True" />
                      <test-case description="[ Export-RocketCyberModuleSettings ] contains a link" name="Testing the [ built ] version of [ RocketCyberAPI ] with [ HelpComment.Tests.ps1 ].[ RocketCyberAPI ] module help tests.[ Export-RocketCyberModuleSettings ].[ Export-RocketCyberModuleSettings ] contains a link" time="0.0022" asserts="0" success="True" result="Success" executed="True" />
                      <test-suite type="ParameterizedTest" name="Testing the [ built ] version of [ RocketCyberAPI ] with [ HelpComment.Tests.ps1 ].[ RocketCyberAPI ] module help tests.[ Export-RocketCyberModuleSettings ].[ Export-RocketCyberModuleSettings ] - Parameter has a description - [ &lt;_.name&gt; ]" executed="True" result="Success" success="True" time="0.0044" asserts="0" description="[ Export-RocketCyberModuleSettings ] - Parameter has a description - [ &lt;_.name&gt; ]">
                        <results>
                          <test-case description="[ Export-RocketCyberModuleSettings ] - Parameter has a description - [ RocketCyberConfPath ]" name="Testing the [ built ] version of [ RocketCyberAPI ] with [ HelpComment.Tests.ps1 ].[ RocketCyberAPI ] module help tests.[ Export-RocketCyberModuleSettings ].[ Export-RocketCyberModuleSettings ] - Parameter has a description - [ RocketCyberConfPath ]" time="0.0023" asserts="0" success="True" result="Success" executed="True" />
                          <test-case description="[ Export-RocketCyberModuleSettings ] - Parameter has a description - [ RocketCyberConfFile ]" name="Testing the [ built ] version of [ RocketCyberAPI ] with [ HelpComment.Tests.ps1 ].[ RocketCyberAPI ] module help tests.[ Export-RocketCyberModuleSettings ].[ Export-RocketCyberModuleSettings ] - Parameter has a description - [ RocketCyberConfFile ]" time="0.0022" asserts="0" success="True" result="Success" executed="True" />
                        </results>
                      </test-suite>
                      <test-suite type="ParameterizedTest" name="Testing the [ built ] version of [ RocketCyberAPI ] with [ HelpComment.Tests.ps1 ].[ RocketCyberAPI ] module help tests.[ Export-RocketCyberModuleSettings ].[ Export-RocketCyberModuleSettings ] - Example has example code &amp; description   - [ &lt;_.title -replace '-'.''&gt; ]" executed="True" result="Success" success="True" time="0.0054" asserts="0" description="[ Export-RocketCyberModuleSettings ] - Example has example code &amp; description   - [ &lt;_.title -replace '-'.''&gt; ]">
                        <results>
                          <test-case description="[ Export-RocketCyberModuleSettings ] - Example has example code &amp; description   - [  EXAMPLE 1  ]" name="Testing the [ built ] version of [ RocketCyberAPI ] with [ HelpComment.Tests.ps1 ].[ RocketCyberAPI ] module help tests.[ Export-RocketCyberModuleSettings ].[ Export-RocketCyberModuleSettings ] - Example has example code &amp; description   - [  EXAMPLE 1  ]" time="0.0027" asserts="0" success="True" result="Success" executed="True" />
                          <test-case description="[ Export-RocketCyberModuleSettings ] - Example has example code &amp; description   - [  EXAMPLE 2  ]" name="Testing the [ built ] version of [ RocketCyberAPI ] with [ HelpComment.Tests.ps1 ].[ RocketCyberAPI ] module help tests.[ Export-RocketCyberModuleSettings ].[ Export-RocketCyberModuleSettings ] - Example has example code &amp; description   - [  EXAMPLE 2  ]" time="0.0027" asserts="0" success="True" result="Success" executed="True" />
                        </results>
                      </test-suite>
                    </results>
                  </test-suite>
                </results>
              </test-suite>
              <test-suite type="TestFixture" name="Testing the [ built ] version of [ RocketCyberAPI ] with [ HelpComment.Tests.ps1 ].[ RocketCyberAPI ] module help tests" executed="True" result="Success" success="True" time="0.1854" asserts="0" description="Testing the [ built ] version of [ RocketCyberAPI ] with [ HelpComment.Tests.ps1 ].[ RocketCyberAPI ] module help tests">
                <results>
                  <test-suite type="TestFixture" name="Testing the [ built ] version of [ RocketCyberAPI ] with [ HelpComment.Tests.ps1 ].[ RocketCyberAPI ] module help tests.[ Get-RocketCyberAccounts ]" executed="True" result="Success" success="True" time="0.0339" asserts="0" description="Testing the [ built ] version of [ RocketCyberAPI ] with [ HelpComment.Tests.ps1 ].[ RocketCyberAPI ] module help tests.[ Get-RocketCyberAccounts ]">
                    <results>
                      <test-case description="[ Get-RocketCyberAccounts ] contains comment based help" name="Testing the [ built ] version of [ RocketCyberAPI ] with [ HelpComment.Tests.ps1 ].[ RocketCyberAPI ] module help tests.[ Get-RocketCyberAccounts ].[ Get-RocketCyberAccounts ] contains comment based help" time="0.0023" asserts="0" success="True" result="Success" executed="True" />
                      <test-case description="[ Get-RocketCyberAccounts ] contains a synopsis" name="Testing the [ built ] version of [ RocketCyberAPI ] with [ HelpComment.Tests.ps1 ].[ RocketCyberAPI ] module help tests.[ Get-RocketCyberAccounts ].[ Get-RocketCyberAccounts ] contains a synopsis" time="0.0021" asserts="0" success="True" result="Success" executed="True" />
                      <test-case description="[ Get-RocketCyberAccounts ] contains a description" name="Testing the [ built ] version of [ RocketCyberAPI ] with [ HelpComment.Tests.ps1 ].[ RocketCyberAPI ] module help tests.[ Get-RocketCyberAccounts ].[ Get-RocketCyberAccounts ] contains a description" time="0.0021" asserts="0" success="True" result="Success" executed="True" />
                      <test-case description="[ Get-RocketCyberAccounts ] contains at least one usage example" name="Testing the [ built ] version of [ RocketCyberAPI ] with [ HelpComment.Tests.ps1 ].[ RocketCyberAPI ] module help tests.[ Get-RocketCyberAccounts ].[ Get-RocketCyberAccounts ] contains at least one usage example" time="0.0026" asserts="0" success="True" result="Success" executed="True" />
                      <test-case description="[ Get-RocketCyberAccounts ] contains a note" name="Testing the [ built ] version of [ RocketCyberAPI ] with [ HelpComment.Tests.ps1 ].[ RocketCyberAPI ] module help tests.[ Get-RocketCyberAccounts ].[ Get-RocketCyberAccounts ] contains a note" time="0.0021" asserts="0" success="True" result="Success" executed="True" />
                      <test-case description="[ Get-RocketCyberAccounts ] contains a link" name="Testing the [ built ] version of [ RocketCyberAPI ] with [ HelpComment.Tests.ps1 ].[ RocketCyberAPI ] module help tests.[ Get-RocketCyberAccounts ].[ Get-RocketCyberAccounts ] contains a link" time="0.0022" asserts="0" success="True" result="Success" executed="True" />
                      <test-suite type="ParameterizedTest" name="Testing the [ built ] version of [ RocketCyberAPI ] with [ HelpComment.Tests.ps1 ].[ RocketCyberAPI ] module help tests.[ Get-RocketCyberAccounts ].[ Get-RocketCyberAccounts ] - Parameter has a description - [ &lt;_.name&gt; ]" executed="True" result="Success" success="True" time="0.0044" asserts="0" description="[ Get-RocketCyberAccounts ] - Parameter has a description - [ &lt;_.name&gt; ]">
                        <results>
                          <test-case description="[ Get-RocketCyberAccounts ] - Parameter has a description - [ accountId ]" name="Testing the [ built ] version of [ RocketCyberAPI ] with [ HelpComment.Tests.ps1 ].[ RocketCyberAPI ] module help tests.[ Get-RocketCyberAccounts ].[ Get-RocketCyberAccounts ] - Parameter has a description - [ accountId ]" time="0.0022" asserts="0" success="True" result="Success" executed="True" />
                          <test-case description="[ Get-RocketCyberAccounts ] - Parameter has a description - [ details ]" name="Testing the [ built ] version of [ RocketCyberAPI ] with [ HelpComment.Tests.ps1 ].[ RocketCyberAPI ] module help tests.[ Get-RocketCyberAccounts ].[ Get-RocketCyberAccounts ] - Parameter has a description - [ details ]" time="0.0022" asserts="0" success="True" result="Success" executed="True" />
                        </results>
                      </test-suite>
                      <test-suite type="ParameterizedTest" name="Testing the [ built ] version of [ RocketCyberAPI ] with [ HelpComment.Tests.ps1 ].[ RocketCyberAPI ] module help tests.[ Get-RocketCyberAccounts ].[ Get-RocketCyberAccounts ] - Example has example code &amp; description   - [ &lt;_.title -replace '-'.''&gt; ]" executed="True" result="Success" success="True" time="0.0116" asserts="0" description="[ Get-RocketCyberAccounts ] - Example has example code &amp; description   - [ &lt;_.title -replace '-'.''&gt; ]">
                        <results>
                          <test-case description="[ Get-RocketCyberAccounts ] - Example has example code &amp; description   - [  EXAMPLE 1  ]" name="Testing the [ built ] version of [ RocketCyberAPI ] with [ HelpComment.Tests.ps1 ].[ RocketCyberAPI ] module help tests.[ Get-RocketCyberAccounts ].[ Get-RocketCyberAccounts ] - Example has example code &amp; description   - [  EXAMPLE 1  ]" time="0.0061" asserts="0" success="True" result="Success" executed="True" />
                          <test-case description="[ Get-RocketCyberAccounts ] - Example has example code &amp; description   - [  EXAMPLE 2  ]" name="Testing the [ built ] version of [ RocketCyberAPI ] with [ HelpComment.Tests.ps1 ].[ RocketCyberAPI ] module help tests.[ Get-RocketCyberAccounts ].[ Get-RocketCyberAccounts ] - Example has example code &amp; description   - [  EXAMPLE 2  ]" time="0.0027" asserts="0" success="True" result="Success" executed="True" />
                          <test-case description="[ Get-RocketCyberAccounts ] - Example has example code &amp; description   - [  EXAMPLE 3  ]" name="Testing the [ built ] version of [ RocketCyberAPI ] with [ HelpComment.Tests.ps1 ].[ RocketCyberAPI ] module help tests.[ Get-RocketCyberAccounts ].[ Get-RocketCyberAccounts ] - Example has example code &amp; description   - [  EXAMPLE 3  ]" time="0.0028" asserts="0" success="True" result="Success" executed="True" />
                        </results>
                      </test-suite>
                    </results>
                  </test-suite>
                </results>
              </test-suite>
              <test-suite type="TestFixture" name="Testing the [ built ] version of [ RocketCyberAPI ] with [ HelpComment.Tests.ps1 ].[ RocketCyberAPI ] module help tests" executed="True" result="Success" success="True" time="0.2587" asserts="0" description="Testing the [ built ] version of [ RocketCyberAPI ] with [ HelpComment.Tests.ps1 ].[ RocketCyberAPI ] module help tests">
                <results>
                  <test-suite type="TestFixture" name="Testing the [ built ] version of [ RocketCyberAPI ] with [ HelpComment.Tests.ps1 ].[ RocketCyberAPI ] module help tests.[ Get-RocketCyberAgents ]" executed="True" result="Success" success="True" time="0.0671" asserts="0" description="Testing the [ built ] version of [ RocketCyberAPI ] with [ HelpComment.Tests.ps1 ].[ RocketCyberAPI ] module help tests.[ Get-RocketCyberAgents ]">
                    <results>
                      <test-case description="[ Get-RocketCyberAgents ] contains comment based help" name="Testing the [ built ] version of [ RocketCyberAPI ] with [ HelpComment.Tests.ps1 ].[ RocketCyberAPI ] module help tests.[ Get-RocketCyberAgents ].[ Get-RocketCyberAgents ] contains comment based help" time="0.0022" asserts="0" success="True" result="Success" executed="True" />
                      <test-case description="[ Get-RocketCyberAgents ] contains a synopsis" name="Testing the [ built ] version of [ RocketCyberAPI ] with [ HelpComment.Tests.ps1 ].[ RocketCyberAPI ] module help tests.[ Get-RocketCyberAgents ].[ Get-RocketCyberAgents ] contains a synopsis" time="0.0021" asserts="0" success="True" result="Success" executed="True" />
                      <test-case description="[ Get-RocketCyberAgents ] contains a description" name="Testing the [ built ] version of [ RocketCyberAPI ] with [ HelpComment.Tests.ps1 ].[ RocketCyberAPI ] module help tests.[ Get-RocketCyberAgents ].[ Get-RocketCyberAgents ] contains a description" time="0.0022" asserts="0" success="True" result="Success" executed="True" />
                      <test-case description="[ Get-RocketCyberAgents ] contains at least one usage example" name="Testing the [ built ] version of [ RocketCyberAPI ] with [ HelpComment.Tests.ps1 ].[ RocketCyberAPI ] module help tests.[ Get-RocketCyberAgents ].[ Get-RocketCyberAgents ] contains at least one usage example" time="0.0027" asserts="0" success="True" result="Success" executed="True" />
                      <test-case description="[ Get-RocketCyberAgents ] contains a note" name="Testing the [ built ] version of [ RocketCyberAPI ] with [ HelpComment.Tests.ps1 ].[ RocketCyberAPI ] module help tests.[ Get-RocketCyberAgents ].[ Get-RocketCyberAgents ] contains a note" time="0.0055" asserts="0" success="True" result="Success" executed="True" />
                      <test-case description="[ Get-RocketCyberAgents ] contains a link" name="Testing the [ built ] version of [ RocketCyberAPI ] with [ HelpComment.Tests.ps1 ].[ RocketCyberAPI ] module help tests.[ Get-RocketCyberAgents ].[ Get-RocketCyberAgents ] contains a link" time="0.0021" asserts="0" success="True" result="Success" executed="True" />
                      <test-suite type="ParameterizedTest" name="Testing the [ built ] version of [ RocketCyberAPI ] with [ HelpComment.Tests.ps1 ].[ RocketCyberAPI ] module help tests.[ Get-RocketCyberAgents ].[ Get-RocketCyberAgents ] - Parameter has a description - [ &lt;_.name&gt; ]" executed="True" result="Success" success="True" time="0.0343" asserts="0" description="[ Get-RocketCyberAgents ] - Parameter has a description - [ &lt;_.name&gt; ]">
                        <results>
                          <test-case description="[ Get-RocketCyberAgents ] - Parameter has a description - [ accountId ]" name="Testing the [ built ] version of [ RocketCyberAPI ] with [ HelpComment.Tests.ps1 ].[ RocketCyberAPI ] module help tests.[ Get-RocketCyberAgents ].[ Get-RocketCyberAgents ] - Parameter has a description - [ accountId ]" time="0.0022" asserts="0" success="True" result="Success" executed="True" />
                          <test-case description="[ Get-RocketCyberAgents ] - Parameter has a description - [ id ]" name="Testing the [ built ] version of [ RocketCyberAPI ] with [ HelpComment.Tests.ps1 ].[ RocketCyberAPI ] module help tests.[ Get-RocketCyberAgents ].[ Get-RocketCyberAgents ] - Parameter has a description - [ id ]" time="0.0022" asserts="0" success="True" result="Success" executed="True" />
                          <test-case description="[ Get-RocketCyberAgents ] - Parameter has a description - [ hostname ]" name="Testing the [ built ] version of [ RocketCyberAPI ] with [ HelpComment.Tests.ps1 ].[ RocketCyberAPI ] module help tests.[ Get-RocketCyberAgents ].[ Get-RocketCyberAgents ] - Parameter has a description - [ hostname ]" time="0.0022" asserts="0" success="True" result="Success" executed="True" />
                          <test-case description="[ Get-RocketCyberAgents ] - Parameter has a description - [ ip ]" name="Testing the [ built ] version of [ RocketCyberAPI ] with [ HelpComment.Tests.ps1 ].[ RocketCyberAPI ] module help tests.[ Get-RocketCyberAgents ].[ Get-RocketCyberAgents ] - Parameter has a description - [ ip ]" time="0.0022" asserts="0" success="True" result="Success" executed="True" />
                          <test-case description="[ Get-RocketCyberAgents ] - Parameter has a description - [ created ]" name="Testing the [ built ] version of [ RocketCyberAPI ] with [ HelpComment.Tests.ps1 ].[ RocketCyberAPI ] module help tests.[ Get-RocketCyberAgents ].[ Get-RocketCyberAgents ] - Parameter has a description - [ created ]" time="0.0022" asserts="0" success="True" result="Success" executed="True" />
                          <test-case description="[ Get-RocketCyberAgents ] - Parameter has a description - [ startDate ]" name="Testing the [ built ] version of [ RocketCyberAPI ] with [ HelpComment.Tests.ps1 ].[ RocketCyberAPI ] module help tests.[ Get-RocketCyberAgents ].[ Get-RocketCyberAgents ] - Parameter has a description - [ startDate ]" time="0.0022" asserts="0" success="True" result="Success" executed="True" />
                          <test-case description="[ Get-RocketCyberAgents ] - Parameter has a description - [ endDate ]" name="Testing the [ built ] version of [ RocketCyberAPI ] with [ HelpComment.Tests.ps1 ].[ RocketCyberAPI ] module help tests.[ Get-RocketCyberAgents ].[ Get-RocketCyberAgents ] - Parameter has a description - [ endDate ]" time="0.0021" asserts="0" success="True" result="Success" executed="True" />
                          <test-case description="[ Get-RocketCyberAgents ] - Parameter has a description - [ os ]" name="Testing the [ built ] version of [ RocketCyberAPI ] with [ HelpComment.Tests.ps1 ].[ RocketCyberAPI ] module help tests.[ Get-RocketCyberAgents ].[ Get-RocketCyberAgents ] - Parameter has a description - [ os ]" time="0.0022" asserts="0" success="True" result="Success" executed="True" />
                          <test-case description="[ Get-RocketCyberAgents ] - Parameter has a description - [ version ]" name="Testing the [ built ] version of [ RocketCyberAPI ] with [ HelpComment.Tests.ps1 ].[ RocketCyberAPI ] module help tests.[ Get-RocketCyberAgents ].[ Get-RocketCyberAgents ] - Parameter has a description - [ version ]" time="0.0023" asserts="0" success="True" result="Success" executed="True" />
                          <test-case description="[ Get-RocketCyberAgents ] - Parameter has a description - [ connectivity ]" name="Testing the [ built ] version of [ RocketCyberAPI ] with [ HelpComment.Tests.ps1 ].[ RocketCyberAPI ] module help tests.[ Get-RocketCyberAgents ].[ Get-RocketCyberAgents ] - Parameter has a description - [ connectivity ]" time="0.006" asserts="0" success="True" result="Success" executed="True" />
                          <test-case description="[ Get-RocketCyberAgents ] - Parameter has a description - [ page ]" name="Testing the [ built ] version of [ RocketCyberAPI ] with [ HelpComment.Tests.ps1 ].[ RocketCyberAPI ] module help tests.[ Get-RocketCyberAgents ].[ Get-RocketCyberAgents ] - Parameter has a description - [ page ]" time="0.0022" asserts="0" success="True" result="Success" executed="True" />
                          <test-case description="[ Get-RocketCyberAgents ] - Parameter has a description - [ pageSize ]" name="Testing the [ built ] version of [ RocketCyberAPI ] with [ HelpComment.Tests.ps1 ].[ RocketCyberAPI ] module help tests.[ Get-RocketCyberAgents ].[ Get-RocketCyberAgents ] - Parameter has a description - [ pageSize ]" time="0.0021" asserts="0" success="True" result="Success" executed="True" />
                          <test-case description="[ Get-RocketCyberAgents ] - Parameter has a description - [ sort ]" name="Testing the [ built ] version of [ RocketCyberAPI ] with [ HelpComment.Tests.ps1 ].[ RocketCyberAPI ] module help tests.[ Get-RocketCyberAgents ].[ Get-RocketCyberAgents ] - Parameter has a description - [ sort ]" time="0.0022" asserts="0" success="True" result="Success" executed="True" />
                          <test-case description="[ Get-RocketCyberAgents ] - Parameter has a description - [ allPages ]" name="Testing the [ built ] version of [ RocketCyberAPI ] with [ HelpComment.Tests.ps1 ].[ RocketCyberAPI ] module help tests.[ Get-RocketCyberAgents ].[ Get-RocketCyberAgents ] - Parameter has a description - [ allPages ]" time="0.0022" asserts="0" success="True" result="Success" executed="True" />
                        </results>
                      </test-suite>
                      <test-suite type="ParameterizedTest" name="Testing the [ built ] version of [ RocketCyberAPI ] with [ HelpComment.Tests.ps1 ].[ RocketCyberAPI ] module help tests.[ Get-RocketCyberAgents ].[ Get-RocketCyberAgents ] - Example has example code &amp; description   - [ &lt;_.title -replace '-'.''&gt; ]" executed="True" result="Success" success="True" time="0.0109" asserts="0" description="[ Get-RocketCyberAgents ] - Example has example code &amp; description   - [ &lt;_.title -replace '-'.''&gt; ]">
                        <results>
                          <test-case description="[ Get-RocketCyberAgents ] - Example has example code &amp; description   - [  EXAMPLE 1  ]" name="Testing the [ built ] version of [ RocketCyberAPI ] with [ HelpComment.Tests.ps1 ].[ RocketCyberAPI ] module help tests.[ Get-RocketCyberAgents ].[ Get-RocketCyberAgents ] - Example has example code &amp; description   - [  EXAMPLE 1  ]" time="0.0028" asserts="0" success="True" result="Success" executed="True" />
                          <test-case description="[ Get-RocketCyberAgents ] - Example has example code &amp; description   - [  EXAMPLE 2  ]" name="Testing the [ built ] version of [ RocketCyberAPI ] with [ HelpComment.Tests.ps1 ].[ RocketCyberAPI ] module help tests.[ Get-RocketCyberAgents ].[ Get-RocketCyberAgents ] - Example has example code &amp; description   - [  EXAMPLE 2  ]" time="0.0027" asserts="0" success="True" result="Success" executed="True" />
                          <test-case description="[ Get-RocketCyberAgents ] - Example has example code &amp; description   - [  EXAMPLE 3  ]" name="Testing the [ built ] version of [ RocketCyberAPI ] with [ HelpComment.Tests.ps1 ].[ RocketCyberAPI ] module help tests.[ Get-RocketCyberAgents ].[ Get-RocketCyberAgents ] - Example has example code &amp; description   - [  EXAMPLE 3  ]" time="0.0027" asserts="0" success="True" result="Success" executed="True" />
                          <test-case description="[ Get-RocketCyberAgents ] - Example has example code &amp; description   - [  EXAMPLE 4  ]" name="Testing the [ built ] version of [ RocketCyberAPI ] with [ HelpComment.Tests.ps1 ].[ RocketCyberAPI ] module help tests.[ Get-RocketCyberAgents ].[ Get-RocketCyberAgents ] - Example has example code &amp; description   - [  EXAMPLE 4  ]" time="0.0027" asserts="0" success="True" result="Success" executed="True" />
                        </results>
                      </test-suite>
                    </results>
                  </test-suite>
                </results>
              </test-suite>
              <test-suite type="TestFixture" name="Testing the [ built ] version of [ RocketCyberAPI ] with [ HelpComment.Tests.ps1 ].[ RocketCyberAPI ] module help tests" executed="True" result="Success" success="True" time="0.2915" asserts="0" description="Testing the [ built ] version of [ RocketCyberAPI ] with [ HelpComment.Tests.ps1 ].[ RocketCyberAPI ] module help tests">
                <results>
                  <test-suite type="TestFixture" name="Testing the [ built ] version of [ RocketCyberAPI ] with [ HelpComment.Tests.ps1 ].[ RocketCyberAPI ] module help tests.[ Get-RocketCyberAPIKey ]" executed="True" result="Success" success="True" time="0.0293" asserts="0" description="Testing the [ built ] version of [ RocketCyberAPI ] with [ HelpComment.Tests.ps1 ].[ RocketCyberAPI ] module help tests.[ Get-RocketCyberAPIKey ]">
                    <results>
                      <test-case description="[ Get-RocketCyberAPIKey ] contains comment based help" name="Testing the [ built ] version of [ RocketCyberAPI ] with [ HelpComment.Tests.ps1 ].[ RocketCyberAPI ] module help tests.[ Get-RocketCyberAPIKey ].[ Get-RocketCyberAPIKey ] contains comment based help" time="0.0024" asserts="0" success="True" result="Success" executed="True" />
                      <test-case description="[ Get-RocketCyberAPIKey ] contains a synopsis" name="Testing the [ built ] version of [ RocketCyberAPI ] with [ HelpComment.Tests.ps1 ].[ RocketCyberAPI ] module help tests.[ Get-RocketCyberAPIKey ].[ Get-RocketCyberAPIKey ] contains a synopsis" time="0.0021" asserts="0" success="True" result="Success" executed="True" />
                      <test-case description="[ Get-RocketCyberAPIKey ] contains a description" name="Testing the [ built ] version of [ RocketCyberAPI ] with [ HelpComment.Tests.ps1 ].[ RocketCyberAPI ] module help tests.[ Get-RocketCyberAPIKey ].[ Get-RocketCyberAPIKey ] contains a description" time="0.0021" asserts="0" success="True" result="Success" executed="True" />
                      <test-case description="[ Get-RocketCyberAPIKey ] contains at least one usage example" name="Testing the [ built ] version of [ RocketCyberAPI ] with [ HelpComment.Tests.ps1 ].[ RocketCyberAPI ] module help tests.[ Get-RocketCyberAPIKey ].[ Get-RocketCyberAPIKey ] contains at least one usage example" time="0.0026" asserts="0" success="True" result="Success" executed="True" />
                      <test-case description="[ Get-RocketCyberAPIKey ] contains a note" name="Testing the [ built ] version of [ RocketCyberAPI ] with [ HelpComment.Tests.ps1 ].[ RocketCyberAPI ] module help tests.[ Get-RocketCyberAPIKey ].[ Get-RocketCyberAPIKey ] contains a note" time="0.0021" asserts="0" success="True" result="Success" executed="True" />
                      <test-case description="[ Get-RocketCyberAPIKey ] contains a link" name="Testing the [ built ] version of [ RocketCyberAPI ] with [ HelpComment.Tests.ps1 ].[ RocketCyberAPI ] module help tests.[ Get-RocketCyberAPIKey ].[ Get-RocketCyberAPIKey ] contains a link" time="0.0021" asserts="0" success="True" result="Success" executed="True" />
                      <test-suite type="ParameterizedTest" name="Testing the [ built ] version of [ RocketCyberAPI ] with [ HelpComment.Tests.ps1 ].[ RocketCyberAPI ] module help tests.[ Get-RocketCyberAPIKey ].[ Get-RocketCyberAPIKey ] - Parameter has a description - [ &lt;_.name&gt; ]" executed="True" result="Success" success="True" time="0.0022" asserts="0" description="[ Get-RocketCyberAPIKey ] - Parameter has a description - [ &lt;_.name&gt; ]">
                        <results>
                          <test-case description="[ Get-RocketCyberAPIKey ] - Parameter has a description - [ plainText ]" name="Testing the [ built ] version of [ RocketCyberAPI ] with [ HelpComment.Tests.ps1 ].[ RocketCyberAPI ] module help tests.[ Get-RocketCyberAPIKey ].[ Get-RocketCyberAPIKey ] - Parameter has a description - [ plainText ]" time="0.0022" asserts="0" success="True" result="Success" executed="True" />
                        </results>
                      </test-suite>
                      <test-suite type="ParameterizedTest" name="Testing the [ built ] version of [ RocketCyberAPI ] with [ HelpComment.Tests.ps1 ].[ RocketCyberAPI ] module help tests.[ Get-RocketCyberAPIKey ].[ Get-RocketCyberAPIKey ] - Example has example code &amp; description   - [ &lt;_.title -replace '-'.''&gt; ]" executed="True" result="Success" success="True" time="0.0094" asserts="0" description="[ Get-RocketCyberAPIKey ] - Example has example code &amp; description   - [ &lt;_.title -replace '-'.''&gt; ]">
                        <results>
                          <test-case description="[ Get-RocketCyberAPIKey ] - Example has example code &amp; description   - [  EXAMPLE 1  ]" name="Testing the [ built ] version of [ RocketCyberAPI ] with [ HelpComment.Tests.ps1 ].[ RocketCyberAPI ] module help tests.[ Get-RocketCyberAPIKey ].[ Get-RocketCyberAPIKey ] - Example has example code &amp; description   - [  EXAMPLE 1  ]" time="0.0028" asserts="0" success="True" result="Success" executed="True" />
                          <test-case description="[ Get-RocketCyberAPIKey ] - Example has example code &amp; description   - [  EXAMPLE 2  ]" name="Testing the [ built ] version of [ RocketCyberAPI ] with [ HelpComment.Tests.ps1 ].[ RocketCyberAPI ] module help tests.[ Get-RocketCyberAPIKey ].[ Get-RocketCyberAPIKey ] - Example has example code &amp; description   - [  EXAMPLE 2  ]" time="0.0066" asserts="0" success="True" result="Success" executed="True" />
                        </results>
                      </test-suite>
                    </results>
                  </test-suite>
                </results>
              </test-suite>
              <test-suite type="TestFixture" name="Testing the [ built ] version of [ RocketCyberAPI ] with [ HelpComment.Tests.ps1 ].[ RocketCyberAPI ] module help tests" executed="True" result="Success" success="True" time="0.3292" asserts="0" description="Testing the [ built ] version of [ RocketCyberAPI ] with [ HelpComment.Tests.ps1 ].[ RocketCyberAPI ] module help tests">
                <results>
                  <test-suite type="TestFixture" name="Testing the [ built ] version of [ RocketCyberAPI ] with [ HelpComment.Tests.ps1 ].[ RocketCyberAPI ] module help tests.[ Get-RocketCyberApps ]" executed="True" result="Success" success="True" time="0.0342" asserts="0" description="Testing the [ built ] version of [ RocketCyberAPI ] with [ HelpComment.Tests.ps1 ].[ RocketCyberAPI ] module help tests.[ Get-RocketCyberApps ]">
                    <results>
                      <test-case description="[ Get-RocketCyberApps ] contains comment based help" name="Testing the [ built ] version of [ RocketCyberAPI ] with [ HelpComment.Tests.ps1 ].[ RocketCyberAPI ] module help tests.[ Get-RocketCyberApps ].[ Get-RocketCyberApps ] contains comment based help" time="0.0024" asserts="0" success="True" result="Success" executed="True" />
                      <test-case description="[ Get-RocketCyberApps ] contains a synopsis" name="Testing the [ built ] version of [ RocketCyberAPI ] with [ HelpComment.Tests.ps1 ].[ RocketCyberAPI ] module help tests.[ Get-RocketCyberApps ].[ Get-RocketCyberApps ] contains a synopsis" time="0.0021" asserts="0" success="True" result="Success" executed="True" />
                      <test-case description="[ Get-RocketCyberApps ] contains a description" name="Testing the [ built ] version of [ RocketCyberAPI ] with [ HelpComment.Tests.ps1 ].[ RocketCyberAPI ] module help tests.[ Get-RocketCyberApps ].[ Get-RocketCyberApps ] contains a description" time="0.0021" asserts="0" success="True" result="Success" executed="True" />
                      <test-case description="[ Get-RocketCyberApps ] contains at least one usage example" name="Testing the [ built ] version of [ RocketCyberAPI ] with [ HelpComment.Tests.ps1 ].[ RocketCyberAPI ] module help tests.[ Get-RocketCyberApps ].[ Get-RocketCyberApps ] contains at least one usage example" time="0.0026" asserts="0" success="True" result="Success" executed="True" />
                      <test-case description="[ Get-RocketCyberApps ] contains a note" name="Testing the [ built ] version of [ RocketCyberAPI ] with [ HelpComment.Tests.ps1 ].[ RocketCyberAPI ] module help tests.[ Get-RocketCyberApps ].[ Get-RocketCyberApps ] contains a note" time="0.0021" asserts="0" success="True" result="Success" executed="True" />
                      <test-case description="[ Get-RocketCyberApps ] contains a link" name="Testing the [ built ] version of [ RocketCyberAPI ] with [ HelpComment.Tests.ps1 ].[ RocketCyberAPI ] module help tests.[ Get-RocketCyberApps ].[ Get-RocketCyberApps ] contains a link" time="0.0021" asserts="0" success="True" result="Success" executed="True" />
                      <test-suite type="ParameterizedTest" name="Testing the [ built ] version of [ RocketCyberAPI ] with [ HelpComment.Tests.ps1 ].[ RocketCyberAPI ] module help tests.[ Get-RocketCyberApps ].[ Get-RocketCyberApps ] - Parameter has a description - [ &lt;_.name&gt; ]" executed="True" result="Success" success="True" time="0.0044" asserts="0" description="[ Get-RocketCyberApps ] - Parameter has a description - [ &lt;_.name&gt; ]">
                        <results>
                          <test-case description="[ Get-RocketCyberApps ] - Parameter has a description - [ accountId ]" name="Testing the [ built ] version of [ RocketCyberAPI ] with [ HelpComment.Tests.ps1 ].[ RocketCyberAPI ] module help tests.[ Get-RocketCyberApps ].[ Get-RocketCyberApps ] - Parameter has a description - [ accountId ]" time="0.0022" asserts="0" success="True" result="Success" executed="True" />
                          <test-case description="[ Get-RocketCyberApps ] - Parameter has a description - [ status ]" name="Testing the [ built ] version of [ RocketCyberAPI ] with [ HelpComment.Tests.ps1 ].[ RocketCyberAPI ] module help tests.[ Get-RocketCyberApps ].[ Get-RocketCyberApps ] - Parameter has a description - [ status ]" time="0.0022" asserts="0" success="True" result="Success" executed="True" />
                        </results>
                      </test-suite>
                      <test-suite type="ParameterizedTest" name="Testing the [ built ] version of [ RocketCyberAPI ] with [ HelpComment.Tests.ps1 ].[ RocketCyberAPI ] module help tests.[ Get-RocketCyberApps ].[ Get-RocketCyberApps ] - Example has example code &amp; description   - [ &lt;_.title -replace '-'.''&gt; ]" executed="True" result="Success" success="True" time="0.0119" asserts="0" description="[ Get-RocketCyberApps ] - Example has example code &amp; description   - [ &lt;_.title -replace '-'.''&gt; ]">
                        <results>
                          <test-case description="[ Get-RocketCyberApps ] - Example has example code &amp; description   - [  EXAMPLE 1  ]" name="Testing the [ built ] version of [ RocketCyberAPI ] with [ HelpComment.Tests.ps1 ].[ RocketCyberAPI ] module help tests.[ Get-RocketCyberApps ].[ Get-RocketCyberApps ] - Example has example code &amp; description   - [  EXAMPLE 1  ]" time="0.0027" asserts="0" success="True" result="Success" executed="True" />
                          <test-case description="[ Get-RocketCyberApps ] - Example has example code &amp; description   - [  EXAMPLE 2  ]" name="Testing the [ built ] version of [ RocketCyberAPI ] with [ HelpComment.Tests.ps1 ].[ RocketCyberAPI ] module help tests.[ Get-RocketCyberApps ].[ Get-RocketCyberApps ] - Example has example code &amp; description   - [  EXAMPLE 2  ]" time="0.0064" asserts="0" success="True" result="Success" executed="True" />
                          <test-case description="[ Get-RocketCyberApps ] - Example has example code &amp; description   - [  EXAMPLE 3  ]" name="Testing the [ built ] version of [ RocketCyberAPI ] with [ HelpComment.Tests.ps1 ].[ RocketCyberAPI ] module help tests.[ Get-RocketCyberApps ].[ Get-RocketCyberApps ] - Example has example code &amp; description   - [  EXAMPLE 3  ]" time="0.0028" asserts="0" success="True" result="Success" executed="True" />
                        </results>
                      </test-suite>
                    </results>
                  </test-suite>
                </results>
              </test-suite>
              <test-suite type="TestFixture" name="Testing the [ built ] version of [ RocketCyberAPI ] with [ HelpComment.Tests.ps1 ].[ RocketCyberAPI ] module help tests" executed="True" result="Ignored" success="True" time="0.3629" asserts="0" description="Testing the [ built ] version of [ RocketCyberAPI ] with [ HelpComment.Tests.ps1 ].[ RocketCyberAPI ] module help tests">
                <results>
                  <test-suite type="TestFixture" name="Testing the [ built ] version of [ RocketCyberAPI ] with [ HelpComment.Tests.ps1 ].[ RocketCyberAPI ] module help tests.[ Get-RocketCyberBaseURI ]" executed="True" result="Ignored" success="True" time="0.0302" asserts="0" description="Testing the [ built ] version of [ RocketCyberAPI ] with [ HelpComment.Tests.ps1 ].[ RocketCyberAPI ] module help tests.[ Get-RocketCyberBaseURI ]">
                    <results>
                      <test-case description="[ Get-RocketCyberBaseURI ] contains comment based help" name="Testing the [ built ] version of [ RocketCyberAPI ] with [ HelpComment.Tests.ps1 ].[ RocketCyberAPI ] module help tests.[ Get-RocketCyberBaseURI ].[ Get-RocketCyberBaseURI ] contains comment based help" time="0.0024" asserts="0" success="True" result="Success" executed="True" />
                      <test-case description="[ Get-RocketCyberBaseURI ] contains a synopsis" name="Testing the [ built ] version of [ RocketCyberAPI ] with [ HelpComment.Tests.ps1 ].[ RocketCyberAPI ] module help tests.[ Get-RocketCyberBaseURI ].[ Get-RocketCyberBaseURI ] contains a synopsis" time="0.0021" asserts="0" success="True" result="Success" executed="True" />
                      <test-case description="[ Get-RocketCyberBaseURI ] contains a description" name="Testing the [ built ] version of [ RocketCyberAPI ] with [ HelpComment.Tests.ps1 ].[ RocketCyberAPI ] module help tests.[ Get-RocketCyberBaseURI ].[ Get-RocketCyberBaseURI ] contains a description" time="0.0021" asserts="0" success="True" result="Success" executed="True" />
                      <test-case description="[ Get-RocketCyberBaseURI ] contains at least one usage example" name="Testing the [ built ] version of [ RocketCyberAPI ] with [ HelpComment.Tests.ps1 ].[ RocketCyberAPI ] module help tests.[ Get-RocketCyberBaseURI ].[ Get-RocketCyberBaseURI ] contains at least one usage example" time="0.0026" asserts="0" success="True" result="Success" executed="True" />
                      <test-case description="[ Get-RocketCyberBaseURI ] contains a note" name="Testing the [ built ] version of [ RocketCyberAPI ] with [ HelpComment.Tests.ps1 ].[ RocketCyberAPI ] module help tests.[ Get-RocketCyberBaseURI ].[ Get-RocketCyberBaseURI ] contains a note" time="0.0022" asserts="0" success="True" result="Success" executed="True" />
                      <test-case description="[ Get-RocketCyberBaseURI ] contains a link" name="Testing the [ built ] version of [ RocketCyberAPI ] with [ HelpComment.Tests.ps1 ].[ RocketCyberAPI ] module help tests.[ Get-RocketCyberBaseURI ].[ Get-RocketCyberBaseURI ] contains a link" time="0.0021" asserts="0" success="True" result="Success" executed="True" />
                      <test-case description="[ Get-RocketCyberBaseURI ] - Parameter has a description -" name="Testing the [ built ] version of [ RocketCyberAPI ] with [ HelpComment.Tests.ps1 ].[ RocketCyberAPI ] module help tests.[ Get-RocketCyberBaseURI ].[ Get-RocketCyberBaseURI ] - Parameter has a description -" time="0.0096" asserts="0" success="False" result="Ignored" executed="False" />
                      <test-suite type="ParameterizedTest" name="Testing the [ built ] version of [ RocketCyberAPI ] with [ HelpComment.Tests.ps1 ].[ RocketCyberAPI ] module help tests.[ Get-RocketCyberBaseURI ].[ Get-RocketCyberBaseURI ] - Example has example code &amp; description   - [ &lt;_.title -replace '-'.''&gt; ]" executed="True" result="Success" success="True" time="0.0028" asserts="0" description="[ Get-RocketCyberBaseURI ] - Example has example code &amp; description   - [ &lt;_.title -replace '-'.''&gt; ]">
                        <results>
                          <test-case description="[ Get-RocketCyberBaseURI ] - Example has example code &amp; description   - [  EXAMPLE 1  ]" name="Testing the [ built ] version of [ RocketCyberAPI ] with [ HelpComment.Tests.ps1 ].[ RocketCyberAPI ] module help tests.[ Get-RocketCyberBaseURI ].[ Get-RocketCyberBaseURI ] - Example has example code &amp; description   - [  EXAMPLE 1  ]" time="0.0028" asserts="0" success="True" result="Success" executed="True" />
                        </results>
                      </test-suite>
                    </results>
                  </test-suite>
                </results>
              </test-suite>
              <test-suite type="TestFixture" name="Testing the [ built ] version of [ RocketCyberAPI ] with [ HelpComment.Tests.ps1 ].[ RocketCyberAPI ] module help tests" executed="True" result="Success" success="True" time="0.3953" asserts="0" description="Testing the [ built ] version of [ RocketCyberAPI ] with [ HelpComment.Tests.ps1 ].[ RocketCyberAPI ] module help tests">
                <results>
                  <test-suite type="TestFixture" name="Testing the [ built ] version of [ RocketCyberAPI ] with [ HelpComment.Tests.ps1 ].[ RocketCyberAPI ] module help tests.[ Get-RocketCyberDefender ]" executed="True" result="Success" success="True" time="0.029" asserts="0" description="Testing the [ built ] version of [ RocketCyberAPI ] with [ HelpComment.Tests.ps1 ].[ RocketCyberAPI ] module help tests.[ Get-RocketCyberDefender ]">
                    <results>
                      <test-case description="[ Get-RocketCyberDefender ] contains comment based help" name="Testing the [ built ] version of [ RocketCyberAPI ] with [ HelpComment.Tests.ps1 ].[ RocketCyberAPI ] module help tests.[ Get-RocketCyberDefender ].[ Get-RocketCyberDefender ] contains comment based help" time="0.0024" asserts="0" success="True" result="Success" executed="True" />
                      <test-case description="[ Get-RocketCyberDefender ] contains a synopsis" name="Testing the [ built ] version of [ RocketCyberAPI ] with [ HelpComment.Tests.ps1 ].[ RocketCyberAPI ] module help tests.[ Get-RocketCyberDefender ].[ Get-RocketCyberDefender ] contains a synopsis" time="0.0021" asserts="0" success="True" result="Success" executed="True" />
                      <test-case description="[ Get-RocketCyberDefender ] contains a description" name="Testing the [ built ] version of [ RocketCyberAPI ] with [ HelpComment.Tests.ps1 ].[ RocketCyberAPI ] module help tests.[ Get-RocketCyberDefender ].[ Get-RocketCyberDefender ] contains a description" time="0.0021" asserts="0" success="True" result="Success" executed="True" />
                      <test-case description="[ Get-RocketCyberDefender ] contains at least one usage example" name="Testing the [ built ] version of [ RocketCyberAPI ] with [ HelpComment.Tests.ps1 ].[ RocketCyberAPI ] module help tests.[ Get-RocketCyberDefender ].[ Get-RocketCyberDefender ] contains at least one usage example" time="0.0026" asserts="0" success="True" result="Success" executed="True" />
                      <test-case description="[ Get-RocketCyberDefender ] contains a note" name="Testing the [ built ] version of [ RocketCyberAPI ] with [ HelpComment.Tests.ps1 ].[ RocketCyberAPI ] module help tests.[ Get-RocketCyberDefender ].[ Get-RocketCyberDefender ] contains a note" time="0.0021" asserts="0" success="True" result="Success" executed="True" />
                      <test-case description="[ Get-RocketCyberDefender ] contains a link" name="Testing the [ built ] version of [ RocketCyberAPI ] with [ HelpComment.Tests.ps1 ].[ RocketCyberAPI ] module help tests.[ Get-RocketCyberDefender ].[ Get-RocketCyberDefender ] contains a link" time="0.0057" asserts="0" success="True" result="Success" executed="True" />
                      <test-suite type="ParameterizedTest" name="Testing the [ built ] version of [ RocketCyberAPI ] with [ HelpComment.Tests.ps1 ].[ RocketCyberAPI ] module help tests.[ Get-RocketCyberDefender ].[ Get-RocketCyberDefender ] - Parameter has a description - [ &lt;_.name&gt; ]" executed="True" result="Success" success="True" time="0.0022" asserts="0" description="[ Get-RocketCyberDefender ] - Parameter has a description - [ &lt;_.name&gt; ]">
                        <results>
                          <test-case description="[ Get-RocketCyberDefender ] - Parameter has a description - [ accountId ]" name="Testing the [ built ] version of [ RocketCyberAPI ] with [ HelpComment.Tests.ps1 ].[ RocketCyberAPI ] module help tests.[ Get-RocketCyberDefender ].[ Get-RocketCyberDefender ] - Parameter has a description - [ accountId ]" time="0.0022" asserts="0" success="True" result="Success" executed="True" />
                        </results>
                      </test-suite>
                      <test-suite type="ParameterizedTest" name="Testing the [ built ] version of [ RocketCyberAPI ] with [ HelpComment.Tests.ps1 ].[ RocketCyberAPI ] module help tests.[ Get-RocketCyberDefender ].[ Get-RocketCyberDefender ] - Example has example code &amp; description   - [ &lt;_.title -replace '-'.''&gt; ]" executed="True" result="Success" success="True" time="0.0054" asserts="0" description="[ Get-RocketCyberDefender ] - Example has example code &amp; description   - [ &lt;_.title -replace '-'.''&gt; ]">
                        <results>
                          <test-case description="[ Get-RocketCyberDefender ] - Example has example code &amp; description   - [  EXAMPLE 1  ]" name="Testing the [ built ] version of [ RocketCyberAPI ] with [ HelpComment.Tests.ps1 ].[ RocketCyberAPI ] module help tests.[ Get-RocketCyberDefender ].[ Get-RocketCyberDefender ] - Example has example code &amp; description   - [  EXAMPLE 1  ]" time="0.0027" asserts="0" success="True" result="Success" executed="True" />
                          <test-case description="[ Get-RocketCyberDefender ] - Example has example code &amp; description   - [  EXAMPLE 2  ]" name="Testing the [ built ] version of [ RocketCyberAPI ] with [ HelpComment.Tests.ps1 ].[ RocketCyberAPI ] module help tests.[ Get-RocketCyberDefender ].[ Get-RocketCyberDefender ] - Example has example code &amp; description   - [  EXAMPLE 2  ]" time="0.0027" asserts="0" success="True" result="Success" executed="True" />
                        </results>
                      </test-suite>
                    </results>
                  </test-suite>
                </results>
              </test-suite>
              <test-suite type="TestFixture" name="Testing the [ built ] version of [ RocketCyberAPI ] with [ HelpComment.Tests.ps1 ].[ RocketCyberAPI ] module help tests" executed="True" result="Success" success="True" time="0.4565" asserts="0" description="Testing the [ built ] version of [ RocketCyberAPI ] with [ HelpComment.Tests.ps1 ].[ RocketCyberAPI ] module help tests">
                <results>
                  <test-suite type="TestFixture" name="Testing the [ built ] version of [ RocketCyberAPI ] with [ HelpComment.Tests.ps1 ].[ RocketCyberAPI ] module help tests.[ Get-RocketCyberEvents ]" executed="True" result="Success" success="True" time="0.0578" asserts="0" description="Testing the [ built ] version of [ RocketCyberAPI ] with [ HelpComment.Tests.ps1 ].[ RocketCyberAPI ] module help tests.[ Get-RocketCyberEvents ]">
                    <results>
                      <test-case description="[ Get-RocketCyberEvents ] contains comment based help" name="Testing the [ built ] version of [ RocketCyberAPI ] with [ HelpComment.Tests.ps1 ].[ RocketCyberAPI ] module help tests.[ Get-RocketCyberEvents ].[ Get-RocketCyberEvents ] contains comment based help" time="0.0023" asserts="0" success="True" result="Success" executed="True" />
                      <test-case description="[ Get-RocketCyberEvents ] contains a synopsis" name="Testing the [ built ] version of [ RocketCyberAPI ] with [ HelpComment.Tests.ps1 ].[ RocketCyberAPI ] module help tests.[ Get-RocketCyberEvents ].[ Get-RocketCyberEvents ] contains a synopsis" time="0.0021" asserts="0" success="True" result="Success" executed="True" />
                      <test-case description="[ Get-RocketCyberEvents ] contains a description" name="Testing the [ built ] version of [ RocketCyberAPI ] with [ HelpComment.Tests.ps1 ].[ RocketCyberAPI ] module help tests.[ Get-RocketCyberEvents ].[ Get-RocketCyberEvents ] contains a description" time="0.0021" asserts="0" success="True" result="Success" executed="True" />
                      <test-case description="[ Get-RocketCyberEvents ] contains at least one usage example" name="Testing the [ built ] version of [ RocketCyberAPI ] with [ HelpComment.Tests.ps1 ].[ RocketCyberAPI ] module help tests.[ Get-RocketCyberEvents ].[ Get-RocketCyberEvents ] contains at least one usage example" time="0.0061" asserts="0" success="True" result="Success" executed="True" />
                      <test-case description="[ Get-RocketCyberEvents ] contains a note" name="Testing the [ built ] version of [ RocketCyberAPI ] with [ HelpComment.Tests.ps1 ].[ RocketCyberAPI ] module help tests.[ Get-RocketCyberEvents ].[ Get-RocketCyberEvents ] contains a note" time="0.0022" asserts="0" success="True" result="Success" executed="True" />
                      <test-case description="[ Get-RocketCyberEvents ] contains a link" name="Testing the [ built ] version of [ RocketCyberAPI ] with [ HelpComment.Tests.ps1 ].[ RocketCyberAPI ] module help tests.[ Get-RocketCyberEvents ].[ Get-RocketCyberEvents ] contains a link" time="0.0021" asserts="0" success="True" result="Success" executed="True" />
                      <test-suite type="ParameterizedTest" name="Testing the [ built ] version of [ RocketCyberAPI ] with [ HelpComment.Tests.ps1 ].[ RocketCyberAPI ] module help tests.[ Get-RocketCyberEvents ].[ Get-RocketCyberEvents ] - Parameter has a description - [ &lt;_.name&gt; ]" executed="True" result="Success" success="True" time="0.0252" asserts="0" description="[ Get-RocketCyberEvents ] - Parameter has a description - [ &lt;_.name&gt; ]">
                        <results>
                          <test-case description="[ Get-RocketCyberEvents ] - Parameter has a description - [ appId ]" name="Testing the [ built ] version of [ RocketCyberAPI ] with [ HelpComment.Tests.ps1 ].[ RocketCyberAPI ] module help tests.[ Get-RocketCyberEvents ].[ Get-RocketCyberEvents ] - Parameter has a description - [ appId ]" time="0.0022" asserts="0" success="True" result="Success" executed="True" />
                          <test-case description="[ Get-RocketCyberEvents ] - Parameter has a description - [ verdict ]" name="Testing the [ built ] version of [ RocketCyberAPI ] with [ HelpComment.Tests.ps1 ].[ RocketCyberAPI ] module help tests.[ Get-RocketCyberEvents ].[ Get-RocketCyberEvents ] - Parameter has a description - [ verdict ]" time="0.0022" asserts="0" success="True" result="Success" executed="True" />
                          <test-case description="[ Get-RocketCyberEvents ] - Parameter has a description - [ accountId ]" name="Testing the [ built ] version of [ RocketCyberAPI ] with [ HelpComment.Tests.ps1 ].[ RocketCyberAPI ] module help tests.[ Get-RocketCyberEvents ].[ Get-RocketCyberEvents ] - Parameter has a description - [ accountId ]" time="0.0022" asserts="0" success="True" result="Success" executed="True" />
                          <test-case description="[ Get-RocketCyberEvents ] - Parameter has a description - [ eventSummary ]" name="Testing the [ built ] version of [ RocketCyberAPI ] with [ HelpComment.Tests.ps1 ].[ RocketCyberAPI ] module help tests.[ Get-RocketCyberEvents ].[ Get-RocketCyberEvents ] - Parameter has a description - [ eventSummary ]" time="0.0022" asserts="0" success="True" result="Success" executed="True" />
                          <test-case description="[ Get-RocketCyberEvents ] - Parameter has a description - [ details ]" name="Testing the [ built ] version of [ RocketCyberAPI ] with [ HelpComment.Tests.ps1 ].[ RocketCyberAPI ] module help tests.[ Get-RocketCyberEvents ].[ Get-RocketCyberEvents ] - Parameter has a description - [ details ]" time="0.0022" asserts="0" success="True" result="Success" executed="True" />
                          <test-case description="[ Get-RocketCyberEvents ] - Parameter has a description - [ dates ]" name="Testing the [ built ] version of [ RocketCyberAPI ] with [ HelpComment.Tests.ps1 ].[ RocketCyberAPI ] module help tests.[ Get-RocketCyberEvents ].[ Get-RocketCyberEvents ] - Parameter has a description - [ dates ]" time="0.0022" asserts="0" success="True" result="Success" executed="True" />
                          <test-case description="[ Get-RocketCyberEvents ] - Parameter has a description - [ page ]" name="Testing the [ built ] version of [ RocketCyberAPI ] with [ HelpComment.Tests.ps1 ].[ RocketCyberAPI ] module help tests.[ Get-RocketCyberEvents ].[ Get-RocketCyberEvents ] - Parameter has a description - [ page ]" time="0.0022" asserts="0" success="True" result="Success" executed="True" />
                          <test-case description="[ Get-RocketCyberEvents ] - Parameter has a description - [ pageSize ]" name="Testing the [ built ] version of [ RocketCyberAPI ] with [ HelpComment.Tests.ps1 ].[ RocketCyberAPI ] module help tests.[ Get-RocketCyberEvents ].[ Get-RocketCyberEvents ] - Parameter has a description - [ pageSize ]" time="0.0022" asserts="0" success="True" result="Success" executed="True" />
                          <test-case description="[ Get-RocketCyberEvents ] - Parameter has a description - [ sort ]" name="Testing the [ built ] version of [ RocketCyberAPI ] with [ HelpComment.Tests.ps1 ].[ RocketCyberAPI ] module help tests.[ Get-RocketCyberEvents ].[ Get-RocketCyberEvents ] - Parameter has a description - [ sort ]" time="0.0055" asserts="0" success="True" result="Success" executed="True" />
                          <test-case description="[ Get-RocketCyberEvents ] - Parameter has a description - [ allPages ]" name="Testing the [ built ] version of [ RocketCyberAPI ] with [ HelpComment.Tests.ps1 ].[ RocketCyberAPI ] module help tests.[ Get-RocketCyberEvents ].[ Get-RocketCyberEvents ] - Parameter has a description - [ allPages ]" time="0.0022" asserts="0" success="True" result="Success" executed="True" />
                        </results>
                      </test-suite>
                      <test-suite type="ParameterizedTest" name="Testing the [ built ] version of [ RocketCyberAPI ] with [ HelpComment.Tests.ps1 ].[ RocketCyberAPI ] module help tests.[ Get-RocketCyberEvents ].[ Get-RocketCyberEvents ] - Example has example code &amp; description   - [ &lt;_.title -replace '-'.''&gt; ]" executed="True" result="Success" success="True" time="0.0108" asserts="0" description="[ Get-RocketCyberEvents ] - Example has example code &amp; description   - [ &lt;_.title -replace '-'.''&gt; ]">
                        <results>
                          <test-case description="[ Get-RocketCyberEvents ] - Example has example code &amp; description   - [  EXAMPLE 1  ]" name="Testing the [ built ] version of [ RocketCyberAPI ] with [ HelpComment.Tests.ps1 ].[ RocketCyberAPI ] module help tests.[ Get-RocketCyberEvents ].[ Get-RocketCyberEvents ] - Example has example code &amp; description   - [  EXAMPLE 1  ]" time="0.0027" asserts="0" success="True" result="Success" executed="True" />
                          <test-case description="[ Get-RocketCyberEvents ] - Example has example code &amp; description   - [  EXAMPLE 2  ]" name="Testing the [ built ] version of [ RocketCyberAPI ] with [ HelpComment.Tests.ps1 ].[ RocketCyberAPI ] module help tests.[ Get-RocketCyberEvents ].[ Get-RocketCyberEvents ] - Example has example code &amp; description   - [  EXAMPLE 2  ]" time="0.0027" asserts="0" success="True" result="Success" executed="True" />
                          <test-case description="[ Get-RocketCyberEvents ] - Example has example code &amp; description   - [  EXAMPLE 3  ]" name="Testing the [ built ] version of [ RocketCyberAPI ] with [ HelpComment.Tests.ps1 ].[ RocketCyberAPI ] module help tests.[ Get-RocketCyberEvents ].[ Get-RocketCyberEvents ] - Example has example code &amp; description   - [  EXAMPLE 3  ]" time="0.0027" asserts="0" success="True" result="Success" executed="True" />
                          <test-case description="[ Get-RocketCyberEvents ] - Example has example code &amp; description   - [  EXAMPLE 4  ]" name="Testing the [ built ] version of [ RocketCyberAPI ] with [ HelpComment.Tests.ps1 ].[ RocketCyberAPI ] module help tests.[ Get-RocketCyberEvents ].[ Get-RocketCyberEvents ] - Example has example code &amp; description   - [  EXAMPLE 4  ]" time="0.0027" asserts="0" success="True" result="Success" executed="True" />
                        </results>
                      </test-suite>
                    </results>
                  </test-suite>
                </results>
              </test-suite>
[...]
                  <test-case description="Should accept a value from the pipeline" name="Testing [ Add-RocketCyberBaseURI ] functions with [ Add-RocketCyberBaseURI.Tests.ps1 ].[ Add-RocketCyberBaseURI ] testing functions.Should accept a value from the pipeline" time="0.0026" asserts="0" success="True" result="Success" executed="True" />
                  <test-case description="With parameter -base_uri  should return what was inputted" name="Testing [ Add-RocketCyberBaseURI ] functions with [ Add-RocketCyberBaseURI.Tests.ps1 ].[ Add-RocketCyberBaseURI ] testing functions.With parameter -base_uri  should return what was inputted" time="0.0026" asserts="0" success="True" result="Success" executed="True" />
                  <test-case description="With parameter -data_center US should return the default URI" name="Testing [ Add-RocketCyberBaseURI ] functions with [ Add-RocketCyberBaseURI.Tests.ps1 ].[ Add-RocketCyberBaseURI ] testing functions.With parameter -data_center US should return the default URI" time="0.0069" asserts="0" success="True" result="Success" executed="True" />
                  <test-case description="With parameter -data_center EU should return the default URI" name="Testing [ Add-RocketCyberBaseURI ] functions with [ Add-RocketCyberBaseURI.Tests.ps1 ].[ Add-RocketCyberBaseURI ] testing functions.With parameter -data_center EU should return the default URI" time="0.0027" asserts="0" success="True" result="Success" executed="True" />
                  <test-case description="With invalid parameter value -data_center Space should return an error" name="Testing [ Add-RocketCyberBaseURI ] functions with [ Add-RocketCyberBaseURI.Tests.ps1 ].[ Add-RocketCyberBaseURI ] testing functions.With invalid parameter value -data_center Space should return an error" time="0.0033" asserts="0" success="True" result="Success" executed="True" />
                  <test-case description="The default URI should NOT contain a trailing forward slash" name="Testing [ Add-RocketCyberBaseURI ] functions with [ Add-RocketCyberBaseURI.Tests.ps1 ].[ Add-RocketCyberBaseURI ] testing functions.The default URI should NOT contain a trailing forward slash" time="0.0022" asserts="0" success="True" result="Success" executed="True" />
                  <test-case description="A custom URI should NOT contain a trailing forward slash" name="Testing [ Add-RocketCyberBaseURI ] functions with [ Add-RocketCyberBaseURI.Tests.ps1 ].[ Add-RocketCyberBaseURI ] testing functions.A custom URI should NOT contain a trailing forward slash" time="0.0022" asserts="0" success="True" result="Success" executed="True" />
                </results>
              </test-suite>
            </results>
          </test-suite>
        </results>
      </test-suite>
      <test-suite type="TestFixture" name="C:\Celerium\Projects\_API\RocketCyber-PowerShellWrapper\tests\Private\baseUri\Get-RocketCyberBaseURI.Tests.ps1" executed="True" result="Success" success="True" time="0.0732" asserts="0" description="C:\Celerium\Projects\_API\RocketCyber-PowerShellWrapper\tests\Private\baseUri\Get-RocketCyberBaseURI.Tests.ps1">
        <results>
          <test-suite type="TestFixture" name="Testing [ Get-RocketCyberBaseURI ] function with [ Get-RocketCyberBaseURI.Tests.ps1 ]" executed="True" result="Success" success="True" time="0.0234" asserts="0" description="Testing [ Get-RocketCyberBaseURI ] function with [ Get-RocketCyberBaseURI.Tests.ps1 ]">
            <results>
              <test-suite type="TestFixture" name="Testing [ Get-RocketCyberBaseURI ] function with [ Get-RocketCyberBaseURI.Tests.ps1 ].[ Get-RocketCyberBaseURI ] testing function" executed="True" result="Success" success="True" time="0.017" asserts="0" description="Testing [ Get-RocketCyberBaseURI ] function with [ Get-RocketCyberBaseURI.Tests.ps1 ].[ Get-RocketCyberBaseURI ] testing function">
                <results>
                  <test-case description="The default URI should be returned" name="Testing [ Get-RocketCyberBaseURI ] function with [ Get-RocketCyberBaseURI.Tests.ps1 ].[ Get-RocketCyberBaseURI ] testing function.The default URI should be returned" time="0.0032" asserts="0" success="True" result="Success" executed="True" />
                  <test-case description="The URI should be a string" name="Testing [ Get-RocketCyberBaseURI ] function with [ Get-RocketCyberBaseURI.Tests.ps1 ].[ Get-RocketCyberBaseURI ] testing function.The URI should be a string" time="0.0025" asserts="0" success="True" result="Success" executed="True" />
                  <test-case description="The default URI should NOT contain a trailing forward slash" name="Testing [ Get-RocketCyberBaseURI ] function with [ Get-RocketCyberBaseURI.Tests.ps1 ].[ Get-RocketCyberBaseURI ] testing function.The default URI should NOT contain a trailing forward slash" time="0.0025" asserts="0" success="True" result="Success" executed="True" />
                  <test-case description="A custom URI should NOT contain a trailing forward slash" name="Testing [ Get-RocketCyberBaseURI ] function with [ Get-RocketCyberBaseURI.Tests.ps1 ].[ Get-RocketCyberBaseURI ] testing function.A custom URI should NOT contain a trailing forward slash" time="0.0025" asserts="0" success="True" result="Success" executed="True" />
                  <test-case description="If the baseUri is not set a warning should be thrown" name="Testing [ Get-RocketCyberBaseURI ] function with [ Get-RocketCyberBaseURI.Tests.ps1 ].[ Get-RocketCyberBaseURI ] testing function.If the baseUri is not set a warning should be thrown" time="0.0024" asserts="0" success="True" result="Success" executed="True" />
                </results>
              </test-suite>
            </results>
          </test-suite>
        </results>
      </test-suite>
      <test-suite type="TestFixture" name="C:\Celerium\Projects\_API\RocketCyber-PowerShellWrapper\tests\Private\baseUri\Remove-RocketCyberBaseURI.Tests.ps1" executed="True" result="Success" success="True" time="0.0618" asserts="0" description="C:\Celerium\Projects\_API\RocketCyber-PowerShellWrapper\tests\Private\baseUri\Remove-RocketCyberBaseURI.Tests.ps1">
        <results>
          <test-suite type="TestFixture" name="Testing [ Remove-RocketCyberBaseURI ] function with [ Remove-RocketCyberBaseURI.Tests.ps1 ]" executed="True" result="Success" success="True" time="0.0166" asserts="0" description="Testing [ Remove-RocketCyberBaseURI ] function with [ Remove-RocketCyberBaseURI.Tests.ps1 ]">
            <results>
              <test-suite type="TestFixture" name="Testing [ Remove-RocketCyberBaseURI ] function with [ Remove-RocketCyberBaseURI.Tests.ps1 ].[ Remove-RocketCyberBaseURI ] testing function" executed="True" result="Success" success="True" time="0.013" asserts="0" description="Testing [ Remove-RocketCyberBaseURI ] function with [ Remove-RocketCyberBaseURI.Tests.ps1 ].[ Remove-RocketCyberBaseURI ] testing function">
                <results>
                  <test-case description="The baseUri variable should not longer exist" name="Testing [ Remove-RocketCyberBaseURI ] function with [ Remove-RocketCyberBaseURI.Tests.ps1 ].[ Remove-RocketCyberBaseURI ] testing function.The baseUri variable should not longer exist" time="0.0029" asserts="0" success="True" result="Success" executed="True" />
                  <test-case description="If the baseUri is already gone a warning should be thrown" name="Testing [ Remove-RocketCyberBaseURI ] function with [ Remove-RocketCyberBaseURI.Tests.ps1 ].[ Remove-RocketCyberBaseURI ] testing function.If the baseUri is already gone a warning should be thrown" time="0.0061" asserts="0" success="True" result="Success" executed="True" />
                </results>
              </test-suite>
            </results>
          </test-suite>
        </results>
      </test-suite>
      <test-suite type="TestFixture" name="C:\Celerium\Projects\_API\RocketCyber-PowerShellWrapper\tests\Private\moduleSettings\Export-RocketCyberModuleSettings.Tests.ps1" executed="True" result="Success" success="True" time="0.1022" asserts="0" description="C:\Celerium\Projects\_API\RocketCyber-PowerShellWrapper\tests\Private\moduleSettings\Export-RocketCyberModuleSettings.Tests.ps1">
        <results>
          <test-suite type="TestFixture" name="Testing [ Export-RocketCyberModuleSettings ] function with [ Export-RocketCyberModuleSettings.Tests.ps1 ]" executed="True" result="Success" success="True" time="0.0525" asserts="0" description="Testing [ Export-RocketCyberModuleSettings ] function with [ Export-RocketCyberModuleSettings.Tests.ps1 ]">
            <results>
              <test-suite type="TestFixture" name="Testing [ Export-RocketCyberModuleSettings ] function with [ Export-RocketCyberModuleSettings.Tests.ps1 ].[ Export-RocketCyberModuleSettings ] testing function" executed="True" result="Success" success="True" time="0.0491" asserts="0" description="Testing [ Export-RocketCyberModuleSettings ] function with [ Export-RocketCyberModuleSettings.Tests.ps1 ].[ Export-RocketCyberModuleSettings ] testing function">
                <results>
                  <test-case description="Should export successfully" name="Testing [ Export-RocketCyberModuleSettings ] function with [ Export-RocketCyberModuleSettings.Tests.ps1 ].[ Export-RocketCyberModuleSettings ] testing function.Should export successfully" time="0.009" asserts="0" success="True" result="Success" executed="True" />
                  <test-case description="Configuration directory should be hidden" name="Testing [ Export-RocketCyberModuleSettings ] function with [ Export-RocketCyberModuleSettings.Tests.ps1 ].[ Export-RocketCyberModuleSettings ] testing function.Configuration directory should be hidden" time="0.0072" asserts="0" success="True" result="Success" executed="True" />
                  <test-case description="Configuration file should contain required values" name="Testing [ Export-RocketCyberModuleSettings ] function with [ Export-RocketCyberModuleSettings.Tests.ps1 ].[ Export-RocketCyberModuleSettings ] testing function.Configuration file should contain required values" time="0.0291" asserts="0" success="True" result="Success" executed="True" />
                </results>
              </test-suite>
            </results>
          </test-suite>
        </results>
      </test-suite>
      <test-suite type="TestFixture" name="C:\Celerium\Projects\_API\RocketCyber-PowerShellWrapper\tests\Private\moduleSettings\Get-RocketCyberModuleSettings.Tests.ps1" executed="True" result="Success" success="True" time="0.0935" asserts="0" description="C:\Celerium\Projects\_API\RocketCyber-PowerShellWrapper\tests\Private\moduleSettings\Get-RocketCyberModuleSettings.Tests.ps1">
        <results>
          <test-suite type="TestFixture" name="Testing [ Get-RocketCyberModuleSettings ] function with [ Get-RocketCyberModuleSettings.Tests.ps1 ]" executed="True" result="Success" success="True" time="0.0475" asserts="0" description="Testing [ Get-RocketCyberModuleSettings ] function with [ Get-RocketCyberModuleSettings.Tests.ps1 ]">
            <results>
              <test-suite type="TestFixture" name="Testing [ Get-RocketCyberModuleSettings ] function with [ Get-RocketCyberModuleSettings.Tests.ps1 ].[ Get-RocketCyberModuleSettings ] testing function" executed="True" result="Success" success="True" time="0.0438" asserts="0" description="Testing [ Get-RocketCyberModuleSettings ] function with [ Get-RocketCyberModuleSettings.Tests.ps1 ].[ Get-RocketCyberModuleSettings ] testing function">
                <results>
                  <test-case description="Configuration directory should be hidden" name="Testing [ Get-RocketCyberModuleSettings ] function with [ Get-RocketCyberModuleSettings.Tests.ps1 ].[ Get-RocketCyberModuleSettings ] testing function.Configuration directory should be hidden" time="0.0052" asserts="0" success="True" result="Success" executed="True" />
                  <test-case description="Configuration file should contain required values" name="Testing [ Get-RocketCyberModuleSettings ] function with [ Get-RocketCyberModuleSettings.Tests.ps1 ].[ Get-RocketCyberModuleSettings ] testing function.Configuration file should contain required values" time="0.0347" asserts="0" success="True" result="Success" executed="True" />
                </results>
              </test-suite>
            </results>
          </test-suite>
        </results>
      </test-suite>
      <test-suite type="TestFixture" name="C:\Celerium\Projects\_API\RocketCyber-PowerShellWrapper\tests\Private\moduleSettings\Import-RocketCyberModuleSettings.Tests.ps1" executed="True" result="Success" success="True" time="0.1111" asserts="0" description="C:\Celerium\Projects\_API\RocketCyber-PowerShellWrapper\tests\Private\moduleSettings\Import-RocketCyberModuleSettings.Tests.ps1">
        <results>
          <test-suite type="TestFixture" name="Testing [ Import-RocketCyberModuleSettings ] function with [ Import-RocketCyberModuleSettings.Tests.ps1 ]" executed="True" result="Success" success="True" time="0.0632" asserts="0" description="Testing [ Import-RocketCyberModuleSettings ] function with [ Import-RocketCyberModuleSettings.Tests.ps1 ]">
            <results>
              <test-suite type="TestFixture" name="Testing [ Import-RocketCyberModuleSettings ] function with [ Import-RocketCyberModuleSettings.Tests.ps1 ].[ Import-RocketCyberModuleSettings ] testing function" executed="True" result="Success" success="True" time="0.0597" asserts="0" description="Testing [ Import-RocketCyberModuleSettings ] function with [ Import-RocketCyberModuleSettings.Tests.ps1 ].[ Import-RocketCyberModuleSettings ] testing function">
                <results>
                  <test-case description="No configuration should populate baseline variables" name="Testing [ Import-RocketCyberModuleSettings ] function with [ Import-RocketCyberModuleSettings.Tests.ps1 ].[ Import-RocketCyberModuleSettings ] testing function.No configuration should populate baseline variables" time="0.0056" asserts="0" success="True" result="Success" executed="True" />
                  <test-case description="Saved configuration session should contain required variables" name="Testing [ Import-RocketCyberModuleSettings ] function with [ Import-RocketCyberModuleSettings.Tests.ps1 ].[ Import-RocketCyberModuleSettings ] testing function.Saved configuration session should contain required variables" time="0.0266" asserts="0" success="True" result="Success" executed="True" />
                  <test-case description="Saved configuration session should NOT contain temp variables" name="Testing [ Import-RocketCyberModuleSettings ] function with [ Import-RocketCyberModuleSettings.Tests.ps1 ].[ Import-RocketCyberModuleSettings ] testing function.Saved configuration session should NOT contain temp variables" time="0.0235" asserts="0" success="True" result="Success" executed="True" />
                </results>
              </test-suite>
            </results>
          </test-suite>
        </results>
      </test-suite>
      <test-suite type="TestFixture" name="C:\Celerium\Projects\_API\RocketCyber-PowerShellWrapper\tests\Private\moduleSettings\Initialize-RocketCyberModuleSettings.Tests.ps1" executed="True" result="Success" success="True" time="0.09" asserts="0" description="C:\Celerium\Projects\_API\RocketCyber-PowerShellWrapper\tests\Private\moduleSettings\Initialize-RocketCyberModuleSettings.Tests.ps1">
        <results>
          <test-suite type="TestFixture" name="Testing [ Initialize-RocketCyberModuleSettings ] function with [ Initialize-RocketCyberModuleSettings.Tests.ps1 ]" executed="True" result="Success" success="True" time="0.0438" asserts="0" description="Testing [ Initialize-RocketCyberModuleSettings ] function with [ Initialize-RocketCyberModuleSettings.Tests.ps1 ]">
            <results>
              <test-suite type="TestFixture" name="Testing [ Initialize-RocketCyberModuleSettings ] function with [ Initialize-RocketCyberModuleSettings.Tests.ps1 ].[ Initialize-RocketCyberModuleSettings ] testing function" executed="True" result="Success" success="True" time="0.0403" asserts="0" description="Testing [ Initialize-RocketCyberModuleSettings ] function with [ Initialize-RocketCyberModuleSettings.Tests.ps1 ].[ Initialize-RocketCyberModuleSettings ] testing function">
                <results>
                  <test-case description="When imported WITHOUT a saved configuration baseline variables should exist" name="Testing [ Initialize-RocketCyberModuleSettings ] function with [ Initialize-RocketCyberModuleSettings.Tests.ps1 ].[ Initialize-RocketCyberModuleSettings ] testing function.When imported WITHOUT a saved configuration baseline variables should exist" time="0.0153" asserts="0" success="True" result="Success" executed="True" />
                  <test-case description="When imported WITh a saved configuration baseline variables should exist" name="Testing [ Initialize-RocketCyberModuleSettings ] function with [ Initialize-RocketCyberModuleSettings.Tests.ps1 ].[ Initialize-RocketCyberModuleSettings ] testing function.When imported WITh a saved configuration baseline variables should exist" time="0.0212" asserts="0" success="True" result="Success" executed="True" />
                </results>
              </test-suite>
            </results>
          </test-suite>
        </results>
      </test-suite>
      <test-suite type="TestFixture" name="C:\Celerium\Projects\_API\RocketCyber-PowerShellWrapper\tests\Private\moduleSettings\Remove-RocketCyberModuleSettings.Tests.ps1" executed="True" result="Success" success="True" time="0.0786" asserts="0" description="C:\Celerium\Projects\_API\RocketCyber-PowerShellWrapper\tests\Private\moduleSettings\Remove-RocketCyberModuleSettings.Tests.ps1">
        <results>
          <test-suite type="TestFixture" name="Testing [ Remove-RocketCyberModuleSettings ] function with [ Remove-RocketCyberModuleSettings.Tests.ps1 ]" executed="True" result="Success" success="True" time="0.031" asserts="0" description="Testing [ Remove-RocketCyberModuleSettings ] function with [ Remove-RocketCyberModuleSettings.Tests.ps1 ]">
            <results>
              <test-suite type="TestFixture" name="Testing [ Remove-RocketCyberModuleSettings ] function with [ Remove-RocketCyberModuleSettings.Tests.ps1 ].[ Remove-RocketCyberModuleSettings ] testing function" executed="True" result="Success" success="True" time="0.0274" asserts="0" description="Testing [ Remove-RocketCyberModuleSettings ] function with [ Remove-RocketCyberModuleSettings.Tests.ps1 ].[ Remove-RocketCyberModuleSettings ] testing function">
                <results>
                  <test-case description="No configuration should throw a warning" name="Testing [ Remove-RocketCyberModuleSettings ] function with [ Remove-RocketCyberModuleSettings.Tests.ps1 ].[ Remove-RocketCyberModuleSettings ] testing function.No configuration should throw a warning" time="0.003" asserts="0" success="True" result="Success" executed="True" />
                  <test-case description="Saved configuration should be removed" name="Testing [ Remove-RocketCyberModuleSettings ] function with [ Remove-RocketCyberModuleSettings.Tests.ps1 ].[ Remove-RocketCyberModuleSettings ] testing function.Saved configuration should be removed" time="0.0078" asserts="0" success="True" result="Success" executed="True" />
                  <test-case description="Saved configuration &amp; variables should be removed" name="Testing [ Remove-RocketCyberModuleSettings ] function with [ Remove-RocketCyberModuleSettings.Tests.ps1 ].[ Remove-RocketCyberModuleSettings ] testing function.Saved configuration &amp; variables should be removed" time="0.0127" asserts="0" success="True" result="Success" executed="True" />
                </results>
              </test-suite>
            </results>
          </test-suite>
        </results>
      </test-suite>
    </results>
  </test-suite>
</test-results>